f:\cgraph\cgraph\cgraph\x64\debug\vc143.pdb
f:\cgraph\cgraph\cgraph\x64\debug\vc143.idb
f:\cgraph\cgraph\cgraph\x64\debug\utils.obj
f:\cgraph\cgraph\cgraph\x64\debug\main.obj
f:\cgraph\cgraph\cgraph\x64\debug\cgraph.obj
f:\cgraph\cgraph\cgraph\x64\debug\render.obj
f:\cgraph\cgraph\cgraph\x64\debug\config.obj
f:\cgraph\cgraph\x64\debug\cgraph.pdb
f:\cgraph\cgraph\x64\debug\cgraph.idb
f:\cgraph\cgraph\x64\debug\cgraph.lib
f:\cgraph\cgraph\x64\debug\cgraph.exe
f:\cgraph\cgraph\cgraph\x64\debug\cgraph.ilk
f:\cgraph\cgraph\cgraph\x64\debug\cgraph.obj.enc
f:\cgraph\cgraph\cgraph\x64\debug\config.obj.enc
f:\cgraph\cgraph\cgraph\x64\debug\main.obj.enc
f:\cgraph\cgraph\cgraph\x64\debug\render.obj.enc
f:\cgraph\cgraph\cgraph\x64\debug\utils.obj.enc
f:\cgraph\cgraph\cgraph\x64\debug\cgraph.tlog\cl.command.1.tlog
f:\cgraph\cgraph\cgraph\x64\debug\cgraph.tlog\cl.items.tlog
f:\cgraph\cgraph\cgraph\x64\debug\cgraph.tlog\cl.read.1.tlog
f:\cgraph\cgraph\cgraph\x64\debug\cgraph.tlog\cl.write.1.tlog
f:\cgraph\cgraph\cgraph\x64\debug\cgraph.tlog\lib-link.read.1.tlog
f:\cgraph\cgraph\cgraph\x64\debug\cgraph.tlog\lib-link.write.1.tlog
f:\cgraph\cgraph\cgraph\x64\debug\cgraph.tlog\lib.command.1.tlog
f:\cgraph\cgraph\cgraph\x64\debug\cgraph.tlog\link.command.1.tlog
f:\cgraph\cgraph\cgraph\x64\debug\cgraph.tlog\link.read.1.tlog
f:\cgraph\cgraph\cgraph\x64\debug\cgraph.tlog\link.secondary.1.tlog
f:\cgraph\cgraph\cgraph\x64\debug\cgraph.tlog\link.write.1.tlog
